#
# A fatal error has been detected by the Java Runtime Environment:
#
#  SIGSEGV (0xb) at pc=0x00007fb85aa23a3a, pid=4588, tid=140428824393472
#
# JRE version: Java(TM) SE Runtime Environment (8.0_20-b26) (build 1.8.0_20-b26)
# Java VM: Java HotSpot(TM) 64-Bit Server VM (25.20-b23 mixed mode linux-amd64 compressed oops)
# Problematic frame:
# V  [libjvm.so+0xa6ba3a]  interpretedVFrame::monitors() const+0x1ea
#
# Failed to write core dump. Core dumps have been disabled. To enable core dumping, try "ulimit -c unlimited" before starting Java again
#
# If you would like to submit a bug report, please visit:
#   http://bugreport.sun.com/bugreport/crash.jsp
#

---------------  T H R E A D  ---------------

Current thread (0x00007fb8540c1000):  JavaThread "JDWP Transport Listener: dt_socket" daemon [_thread_in_vm, id=4609, stack(0x00007fb82221b000,0x00007fb82231c000)]

siginfo: si_signo: 11 (SIGSEGV), si_code: 2 (SEGV_ACCERR), si_addr: 0x00007fb85ba2bff0

Registers:
RAX=0x000000076e15d610, RBX=0x00007fb7f40232f0, RCX=0x00007fb85b929300, RDX=0x000000000000fc8f
RSP=0x00007fb82231a140, RBP=0x00007fb82231a240, RSI=0x0000000000000000, RDI=0x0000000000000020
R8 =0x0000000000000000, R9 =0x000000000021c000, R10=0x0000000000000001, R11=0x0000000000000206
R12=0x0000000000000000, R13=0x00007fb7f821cd40, R14=0x00007fb7f4022cf0, R15=0x00007fb85ba2bfe8
RIP=0x00007fb85aa23a3a, EFLAGS=0x0000000000010246, CSGSFS=0x0000000000000033, ERR=0x0000000000000004
  TRAPNO=0x000000000000000e

Top of Stack: (sp=0x00007fb82231a140)
0x00007fb82231a140:   00007fb82231a150 00007fb82231a180
0x00007fb82231a150:   00007fb85bb288f0 00007fb83eadea0d
0x00007fb82231a160:   00007fb83eadc310 00007fb800000000
0x00007fb82231a170:   00007fb85bb28938 00007fb85bb288f8
0x00007fb82231a180:   00007fb85bb288f0 00007fb83eadea0d
0x00007fb82231a190:   00007fb83eadc310 00007fb800000000
0x00007fb82231a1a0:   00007fb85bb28938 00007fb85bb288f8
0x00007fb82231a1b0:   00007fb85bb288f0 00007fb83eadea0d
0x00007fb82231a1c0:   00007fb83eadc310 00007fb800000000
0x00007fb82231a1d0:   00007fb85bb28938 00007fb85bb288f8
0x00007fb82231a1e0:   00007fb85bb288f0 00007fb83eadea0d
0x00007fb82231a1f0:   00007fb83eadc310 00007fb800000000
0x00007fb82231a200:   00007fb85bb28938 00007fb85bb288f8
0x00007fb82231a210:   0000000000000000 0000000000000000
0x00007fb82231a220:   00007fb85400b000 00007fb7f8005930
0x00007fb82231a230:   00007fb85aecd1e0 00007fb8540b9880
0x00007fb82231a240:   00007fb82231a320 00007fb85a715476
0x00007fb82231a250:   0000000000000000 0000000000000000
0x00007fb82231a260:   0000000100000000 00007fb8540c1000
0x00007fb82231a270:   0000000000000000 0000000000000000
0x00007fb82231a280:   0000000000000000 00000000000083b0
0x00007fb82231a290:   00007fb8540b9880 00007fb7f402a6c8
0x00007fb82231a2a0:   00007fb7f40232f0 00007fb7f40226e0
0x00007fb82231a2b0:   00007fb83eadc310 00007fb800000000
0x00007fb82231a2c0:   00007fb85bb28938 00007fb85bb288f8
0x00007fb82231a2d0:   00007fb85bb288a0 0000000000000001
0x00007fb82231a2e0:   00007fb7f40226f0 0000000000000000
0x00007fb82231a2f0:   00007fb85aecd1e0 0000000000000001
0x00007fb82231a300:   00007fb7f4022cf0 0000000000000000
0x00007fb82231a310:   00007fb85aecd1e0 00007fb8540b9880
0x00007fb82231a320:   00007fb82231a9e0 00007fb85a716cbc
0x00007fb82231a330:   00007fb82231a301 00007fb82231a940 

Instructions: (pc=0x00007fb85aa23a3a)
0x00007fb85aa23a1a:   49 8b 46 30 48 89 85 68 ff ff ff e8 f6 91 b0 ff
0x00007fb85aa23a2a:   49 39 c7 0f 82 dd 00 00 00 31 f6 bf 20 00 00 00
0x00007fb85aa23a3a:   4d 8b 67 08 e8 bd f2 ef ff 48 85 c0 49 89 c5 74
0x00007fb85aa23a4a:   17 4c 89 20 48 c7 40 10 00 00 00 00 4c 89 78 08 

Register to memory mapping:

RAX=0x000000076e15d610 is an oop
java.lang.NullPointerException 
 - klass: 'java/lang/NullPointerException'
RBX=0x00007fb7f40232f0 is an unknown value
RCX=0x00007fb85b929300: <offset 0x218300> in /lib64/libpthread.so.0 at 0x00007fb85b711000
RDX=0x000000000000fc8f is an unknown value
RSP=0x00007fb82231a140 is pointing into the stack for thread: 0x00007fb8540c1000
RBP=0x00007fb82231a240 is pointing into the stack for thread: 0x00007fb8540c1000
RSI=0x0000000000000000 is an unknown value
RDI=0x0000000000000020 is an unknown value
R8 =0x0000000000000000 is an unknown value
R9 =0x000000000021c000 is an unknown value
R10=0x0000000000000001 is an unknown value
R11=0x0000000000000206 is an unknown value
R12=0x0000000000000000 is an unknown value
R13=0x00007fb7f821cd40 is an unknown value
R14=0x00007fb7f4022cf0 is an unknown value
R15=0x00007fb85ba2bfe8 is pointing into the stack for thread: 0x00007fb85400b000


Stack: [0x00007fb82221b000,0x00007fb82231c000],  sp=0x00007fb82231a140,  free space=1020k
Native frames: (J=compiled Java code, j=interpreted, Vv=VM code, C=native code)
V  [libjvm.so+0xa6ba3a]  interpretedVFrame::monitors() const+0x1ea
V  [libjvm.so+0x75d476]  JvmtiEnvBase::get_locked_objects_in_frame(JavaThread*, JavaThread*, javaVFrame*, GrowableArray<_jvmtiMonitorStackDepthInfo*>*, int)+0x86
V  [libjvm.so+0x75ecbc]  JvmtiEnvBase::get_owned_monitors(JavaThread*, JavaThread*, GrowableArray<_jvmtiMonitorStackDepthInfo*>*)+0x10c
V  [libjvm.so+0x753110]  JvmtiEnv::GetOwnedMonitorInfo(JavaThread*, int*, _jobject***)+0xe0
V  [libjvm.so+0x714ff9]  jvmti_GetOwnedMonitorInfo+0x2f9
C  [libjdwp.so+0xa330]  ownedMonitors+0xd0
C  [libjdwp.so+0x11976]  debugLoop_run+0x2b6
C  [libjdwp.so+0x247af]  attachThread+0x2f
V  [libjvm.so+0x7744f2]  JvmtiAgentThread::call_start_function()+0xc2
V  [libjvm.so+0xa2990f]  JavaThread::thread_main_inner()+0xdf
V  [libjvm.so+0xa29a3c]  JavaThread::run()+0x11c
V  [libjvm.so+0x8e75f8]  java_start(Thread*)+0x108
C  [libpthread.so.0+0x7ee5]  start_thread+0xc5


---------------  P R O C E S S  ---------------

Java Threads: ( => current thread )
  0x00007fb8540e3000 JavaThread "Service Thread" daemon [_thread_blocked, id=4619, stack(0x00007fb821b14000,0x00007fb821c15000)]
  0x00007fb8540cd800 JavaThread "C1 CompilerThread3" daemon [_thread_blocked, id=4618, stack(0x00007fb821c15000,0x00007fb821d16000)]
  0x00007fb8540cb800 JavaThread "C2 CompilerThread2" daemon [_thread_blocked, id=4617, stack(0x00007fb821d16000,0x00007fb821e17000)]
  0x00007fb8540c9800 JavaThread "C2 CompilerThread1" daemon [_thread_blocked, id=4616, stack(0x00007fb821e17000,0x00007fb821f18000)]
  0x00007fb8540c7000 JavaThread "C2 CompilerThread0" daemon [_thread_blocked, id=4615, stack(0x00007fb821f18000,0x00007fb822019000)]
  0x00007fb7f8001000 JavaThread "JDWP Command Reader" daemon [_thread_in_native, id=4613, stack(0x00007fb822019000,0x00007fb82211a000)]
  0x00007fb8540c4800 JavaThread "JDWP Event Helper Thread" daemon [_thread_blocked, id=4611, stack(0x00007fb82211a000,0x00007fb82221b000)]
=>0x00007fb8540c1000 JavaThread "JDWP Transport Listener: dt_socket" daemon [_thread_in_vm, id=4609, stack(0x00007fb82221b000,0x00007fb82231c000)]
  0x00007fb8540b4000 JavaThread "Signal Dispatcher" daemon [_thread_blocked, id=4607, stack(0x00007fb822520000,0x00007fb822621000)]
  0x00007fb854085800 JavaThread "Finalizer" daemon [_thread_blocked, id=4606, stack(0x00007fb822621000,0x00007fb822722000)]
  0x00007fb854083800 JavaThread "Reference Handler" daemon [_thread_blocked, id=4605, stack(0x00007fb822722000,0x00007fb822823000)]
  0x00007fb85400b000 JavaThread "main" [_thread_blocked, id=4594, stack(0x00007fb85ba29000,0x00007fb85bb2a000)]

Other Threads:
  0x00007fb85407c800 VMThread [stack: 0x00007fb822823000,0x00007fb822924000] [id=4604]
  0x00007fb8540e5800 WatcherThread [stack: 0x00007fb821a13000,0x00007fb821b14000] [id=4620]

VM state:not at safepoint (normal execution)

VM Mutex/Monitor currently owned by a thread: None

Heap:
 PSYoungGen      total 73728K, used 5079K [0x000000076e100000, 0x0000000773300000, 0x00000007c0000000)
  eden space 63488K, 8% used [0x000000076e100000,0x000000076e5f5d08,0x0000000771f00000)
  from space 10240K, 0% used [0x0000000772900000,0x0000000772900000,0x0000000773300000)
  to   space 10240K, 0% used [0x0000000771f00000,0x0000000771f00000,0x0000000772900000)
 ParOldGen       total 167936K, used 0K [0x00000006ca200000, 0x00000006d4600000, 0x000000076e100000)
  object space 167936K, 0% used [0x00000006ca200000,0x00000006ca200000,0x00000006d4600000)
 Metaspace       used 2448K, capacity 4564K, committed 4864K, reserved 1056768K
  class space    used 263K, capacity 388K, committed 512K, reserved 1048576K

Card table byte_map: [0x00007fb83e327000,0x00007fb83ead7000] byte_map_base: 0x00007fb83acd6000

Marking Bits: (ParMarkBitMap*) 0x00007fb85af0fac0
 Begin Bits: [0x00007fb80c510000, 0x00007fb810288000)
 End Bits:   [0x00007fb810288000, 0x00007fb814000000)

Polling page: 0x00007fb85bb4b000

CodeCache: size=245760Kb used=1070Kb max_used=1070Kb free=244689Kb
 bounds [0x00007fb83ead7000, 0x00007fb83ed47000, 0x00007fb84dad7000]
 total_blobs=227 nmethods=13 adapters=138
 compilation: enabled

Compilation events (10 events):
Event: 0.115 Thread 0x00007fb8540cd800    9       3       java.lang.AbstractStringBuilder::ensureCapacityInternal (16 bytes)
Event: 0.115 Thread 0x00007fb8540cd800 nmethod 9 0x00007fb83ebe0a90 code [0x00007fb83ebe0c00, 0x00007fb83ebe0e68]
Event: 0.115 Thread 0x00007fb8540cd800   10       1       java.lang.ref.Reference::get (5 bytes)
Event: 0.116 Thread 0x00007fb8540cd800 nmethod 10 0x00007fb83ebe07d0 code [0x00007fb83ebe0920, 0x00007fb83ebe0a30]
Event: 0.116 Thread 0x00007fb8540cd800   11       1       java.lang.Object::<init> (1 bytes)
Event: 0.117 Thread 0x00007fb8540cd800 nmethod 11 0x00007fb83ebdfe90 code [0x00007fb83ebdffe0, 0x00007fb83ebe00f0]
Event: 0.117 Thread 0x00007fb8540cd800   12       1       java.lang.ThreadLocal::access$400 (5 bytes)
Event: 0.117 Thread 0x00007fb8540cd800 nmethod 12 0x00007fb83ebe1610 code [0x00007fb83ebe1760, 0x00007fb83ebe1850]
Event: 0.117 Thread 0x00007fb8540cd800   13       3       java.util.Arrays::copyOfRange (63 bytes)
Event: 0.118 Thread 0x00007fb8540cd800 nmethod 13 0x00007fb83ebe18d0 code [0x00007fb83ebe1ae0, 0x00007fb83ebe2618]

GC Heap History (0 events):
No events

Deoptimization events (0 events):
No events

Internal exceptions (5 events):
Event: 0.017 Thread 0x00007fb85400b000 Exception <a 'java/lang/NoSuchMethodError': Method sun.misc.Unsafe.defineClass(Ljava/lang/String;[BII)Ljava/lang/Class; name or signature does not match> (0x000000076e111b40) thrown at [/HUDSON/workspace/8-2-build-linux-amd64/jdk8u20/1074/hotspot/src/shar
Event: 0.017 Thread 0x00007fb85400b000 Exception <a 'java/lang/NoSuchMethodError': Method sun.misc.Unsafe.prefetchRead(Ljava/lang/Object;J)V name or signature does not match> (0x000000076e111dd0) thrown at [/HUDSON/workspace/8-2-build-linux-amd64/jdk8u20/1074/hotspot/src/share/vm/prims/jni.cpp
Event: 0.115 Thread 0x00007fb85400b000 Exception <a 'java/security/PrivilegedActionException'> (0x000000076e1548c8) thrown at [/HUDSON/workspace/8-2-build-linux-amd64/jdk8u20/1074/hotspot/src/share/vm/prims/jvm.cpp, line 1275]
Event: 0.118 Thread 0x00007fb85400b000 Exception <a 'java/security/PrivilegedActionException'> (0x000000076e15a428) thrown at [/HUDSON/workspace/8-2-build-linux-amd64/jdk8u20/1074/hotspot/src/share/vm/prims/jvm.cpp, line 1275]
Event: 0.119 Thread 0x00007fb85400b000 Exception <a 'java/security/PrivilegedActionException'> (0x000000076e15bed0) thrown at [/HUDSON/workspace/8-2-build-linux-amd64/jdk8u20/1074/hotspot/src/share/vm/prims/jvm.cpp, line 1275]

Events (10 events):
Event: 309.059 Executing VM operation: RedefineClasses
Event: 309.059 Executing VM operation: RedefineClasses done
Event: 309.060 Executing VM operation: EnterInterpOnlyMode
Event: 309.060 Executing VM operation: EnterInterpOnlyMode done
Event: 309.060 Executing VM operation: GetCurrentLocation
Event: 309.060 Executing VM operation: GetCurrentLocation done
Event: 309.060 Executing VM operation: ChangeSingleStep
Event: 309.060 Executing VM operation: ChangeSingleStep done
Event: 309.061 Executing VM operation: ChangeSingleStep
Event: 309.061 Executing VM operation: ChangeSingleStep done


Dynamic libraries:
00400000-00401000 r-xp 00000000 fd:00 3801994                            /usr/java/jdk1.8.0_20/bin/java
00600000-00601000 rw-p 00000000 fd:00 3801994                            /usr/java/jdk1.8.0_20/bin/java
00c55000-00c76000 rw-p 00000000 00:00 0                                  [heap]
6ca200000-6d4600000 rw-p 00000000 00:00 0 
6d4600000-76e100000 ---p 00000000 00:00 0 
76e100000-773300000 rw-p 00000000 00:00 0 
773300000-7c0000000 ---p 00000000 00:00 0 
7c0000000-7c0080000 rw-p 00000000 00:00 0 
7c0080000-800000000 ---p 00000000 00:00 0 
7fb7d8000000-7fb7d8021000 rw-p 00000000 00:00 0 
7fb7d8021000-7fb7dc000000 ---p 00000000 00:00 0 
7fb7e0000000-7fb7e0021000 rw-p 00000000 00:00 0 
7fb7e0021000-7fb7e4000000 ---p 00000000 00:00 0 
7fb7e4000000-7fb7e4021000 rw-p 00000000 00:00 0 
7fb7e4021000-7fb7e8000000 ---p 00000000 00:00 0 
7fb7e8000000-7fb7e8021000 rw-p 00000000 00:00 0 
7fb7e8021000-7fb7ec000000 ---p 00000000 00:00 0 
7fb7ec000000-7fb7ec021000 rw-p 00000000 00:00 0 
7fb7ec021000-7fb7f0000000 ---p 00000000 00:00 0 
7fb7f0000000-7fb7f0021000 rw-p 00000000 00:00 0 
7fb7f0021000-7fb7f4000000 ---p 00000000 00:00 0 
7fb7f4000000-7fb7f4056000 rw-p 00000000 00:00 0 
7fb7f4056000-7fb7f8000000 ---p 00000000 00:00 0 
7fb7f8000000-7fb7f823f000 rw-p 00000000 00:00 0 
7fb7f823f000-7fb7fc000000 ---p 00000000 00:00 0 
7fb7fc000000-7fb7fc021000 rw-p 00000000 00:00 0 
7fb7fc021000-7fb800000000 ---p 00000000 00:00 0 
7fb800000000-7fb800021000 rw-p 00000000 00:00 0 
7fb800021000-7fb804000000 ---p 00000000 00:00 0 
7fb804000000-7fb804021000 rw-p 00000000 00:00 0 
7fb804021000-7fb808000000 ---p 00000000 00:00 0 
7fb808000000-7fb808021000 rw-p 00000000 00:00 0 
7fb808021000-7fb80c000000 ---p 00000000 00:00 0 
7fb80c510000-7fb814000000 rw-p 00000000 00:00 0 
7fb814000000-7fb814021000 rw-p 00000000 00:00 0 
7fb814021000-7fb818000000 ---p 00000000 00:00 0 
7fb818000000-7fb818021000 rw-p 00000000 00:00 0 
7fb818021000-7fb81c000000 ---p 00000000 00:00 0 
7fb81c000000-7fb81c021000 rw-p 00000000 00:00 0 
7fb81c021000-7fb820000000 ---p 00000000 00:00 0 
7fb821683000-7fb821a13000 rw-p 00000000 00:00 0 
7fb821a13000-7fb821a14000 ---p 00000000 00:00 0 
7fb821a14000-7fb821b14000 rw-p 00000000 00:00 0                          [stack:4620]
7fb821b14000-7fb821b17000 ---p 00000000 00:00 0 
7fb821b17000-7fb821c15000 rw-p 00000000 00:00 0                          [stack:4619]
7fb821c15000-7fb821c18000 ---p 00000000 00:00 0 
7fb821c18000-7fb821d16000 rw-p 00000000 00:00 0                          [stack:4618]
7fb821d16000-7fb821d19000 ---p 00000000 00:00 0 
7fb821d19000-7fb821e17000 rw-p 00000000 00:00 0                          [stack:4617]
7fb821e17000-7fb821e1a000 ---p 00000000 00:00 0 
7fb821e1a000-7fb821f18000 rw-p 00000000 00:00 0                          [stack:4616]
7fb821f18000-7fb821f1b000 ---p 00000000 00:00 0 
7fb821f1b000-7fb822019000 rw-p 00000000 00:00 0                          [stack:4615]
7fb822019000-7fb82201c000 ---p 00000000 00:00 0 
7fb82201c000-7fb82211a000 rw-p 00000000 00:00 0                          [stack:4613]
7fb82211a000-7fb82211d000 ---p 00000000 00:00 0 
7fb82211d000-7fb82221b000 rw-p 00000000 00:00 0                          [stack:4611]
7fb82221b000-7fb82221e000 ---p 00000000 00:00 0 
7fb82221e000-7fb82231c000 rw-p 00000000 00:00 0                          [stack:4609]
7fb82231c000-7fb822320000 r-xp 00000000 fd:00 3802128                    /usr/java/jdk1.8.0_20/jre/lib/amd64/libdt_socket.so
7fb822320000-7fb82251f000 ---p 00004000 fd:00 3802128                    /usr/java/jdk1.8.0_20/jre/lib/amd64/libdt_socket.so
7fb82251f000-7fb822520000 rw-p 00003000 fd:00 3802128                    /usr/java/jdk1.8.0_20/jre/lib/amd64/libdt_socket.so
7fb822520000-7fb822523000 ---p 00000000 00:00 0 
7fb822523000-7fb822621000 rw-p 00000000 00:00 0                          [stack:4607]
7fb822621000-7fb822624000 ---p 00000000 00:00 0 
7fb822624000-7fb822722000 rw-p 00000000 00:00 0                          [stack:4606]
7fb822722000-7fb822725000 ---p 00000000 00:00 0 
7fb822725000-7fb822823000 rw-p 00000000 00:00 0                          [stack:4605]
7fb822823000-7fb822824000 ---p 00000000 00:00 0 
7fb822824000-7fb824000000 rw-p 00000000 00:00 0                          [stack:4604]
7fb824000000-7fb824021000 rw-p 00000000 00:00 0 
7fb824021000-7fb828000000 ---p 00000000 00:00 0 
7fb828000000-7fb828021000 rw-p 00000000 00:00 0 
7fb828021000-7fb82c000000 ---p 00000000 00:00 0 
7fb82c000000-7fb82c021000 rw-p 00000000 00:00 0 
7fb82c021000-7fb830000000 ---p 00000000 00:00 0 
7fb830000000-7fb830021000 rw-p 00000000 00:00 0 
7fb830021000-7fb834000000 ---p 00000000 00:00 0 
7fb834000000-7fb834021000 rw-p 00000000 00:00 0 
7fb834021000-7fb838000000 ---p 00000000 00:00 0 
7fb838000000-7fb838021000 rw-p 00000000 00:00 0 
7fb838021000-7fb83c000000 ---p 00000000 00:00 0 
7fb83c006000-7fb83c57b000 rw-p 00000000 00:00 0 
7fb83c57b000-7fb83c751000 r--s 03c62000 fd:00 3803683                    /usr/java/jdk1.8.0_20/jre/lib/rt.jar
7fb83c751000-7fb83cb91000 rw-p 00000000 00:00 0 
7fb83cb91000-7fb83cf51000 ---p 00000000 00:00 0 
7fb83cf51000-7fb83d700000 rw-p 00000000 00:00 0 
7fb83d700000-7fb83d701000 ---p 00000000 00:00 0 
7fb83d701000-7fb83d801000 rw-p 00000000 00:00 0                          [stack:4603]
7fb83d801000-7fb83d802000 ---p 00000000 00:00 0 
7fb83d802000-7fb83d902000 rw-p 00000000 00:00 0                          [stack:4602]
7fb83d902000-7fb83d903000 ---p 00000000 00:00 0 
7fb83d903000-7fb83da03000 rw-p 00000000 00:00 0                          [stack:4601]
7fb83da03000-7fb83da04000 ---p 00000000 00:00 0 
7fb83da04000-7fb83db04000 rw-p 00000000 00:00 0                          [stack:4600]
7fb83db04000-7fb83db05000 ---p 00000000 00:00 0 
7fb83db05000-7fb83dc05000 rw-p 00000000 00:00 0                          [stack:4599]
7fb83dc05000-7fb83dc06000 ---p 00000000 00:00 0 
7fb83dc06000-7fb83dd06000 rw-p 00000000 00:00 0                          [stack:4598]
7fb83dd06000-7fb83dd07000 ---p 00000000 00:00 0 
7fb83dd07000-7fb83de59000 rw-p 00000000 00:00 0                          [stack:4597]
7fb83de59000-7fb83e327000 ---p 00000000 00:00 0 
7fb83e327000-7fb83e379000 rw-p 00000000 00:00 0 
7fb83e379000-7fb83e846000 ---p 00000000 00:00 0 
7fb83e846000-7fb83e870000 rw-p 00000000 00:00 0 
7fb83e870000-7fb83ead6000 ---p 00000000 00:00 0 
7fb83ead6000-7fb83ead7000 rw-p 00000000 00:00 0 
7fb83ead7000-7fb83ed47000 rwxp 00000000 00:00 0 
7fb83ed47000-7fb84dad7000 ---p 00000000 00:00 0 
7fb84dad7000-7fb854000000 r--p 00000000 fd:00 6558836                    /usr/lib/locale/locale-archive
7fb854000000-7fb8540f7000 rw-p 00000000 00:00 0 
7fb8540f7000-7fb858000000 ---p 00000000 00:00 0 
7fb85800a000-7fb8580c2000 rw-p 00000000 00:00 0 
7fb8580c2000-7fb8580c3000 ---p 00000000 00:00 0 
7fb8580c3000-7fb8581cd000 rw-p 00000000 00:00 0                          [stack:4596]
7fb8581cd000-7fb858583000 ---p 00000000 00:00 0 
7fb858583000-7fb85859d000 r-xp 00000000 fd:00 3802174                    /usr/java/jdk1.8.0_20/jre/lib/amd64/libzip.so
7fb85859d000-7fb85879d000 ---p 0001a000 fd:00 3802174                    /usr/java/jdk1.8.0_20/jre/lib/amd64/libzip.so
7fb85879d000-7fb85879e000 rw-p 0001a000 fd:00 3802174                    /usr/java/jdk1.8.0_20/jre/lib/amd64/libzip.so
7fb85879e000-7fb858e1c000 r--s 00000000 fd:00 1573711                    /var/lib/sss/mc/passwd
7fb858e1c000-7fb858e24000 r-xp 00000000 fd:00 6559546                    /usr/lib64/libnss_sss.so.2
7fb858e24000-7fb859023000 ---p 00008000 fd:00 6559546                    /usr/lib64/libnss_sss.so.2
7fb859023000-7fb859024000 r--p 00007000 fd:00 6559546                    /usr/lib64/libnss_sss.so.2
7fb859024000-7fb859025000 rw-p 00008000 fd:00 6559546                    /usr/lib64/libnss_sss.so.2
7fb859025000-7fb859030000 r-xp 00000000 fd:00 6559438                    /usr/lib64/libnss_files-2.18.so
7fb859030000-7fb85922f000 ---p 0000b000 fd:00 6559438                    /usr/lib64/libnss_files-2.18.so
7fb85922f000-7fb859230000 r--p 0000a000 fd:00 6559438                    /usr/lib64/libnss_files-2.18.so
7fb859230000-7fb859231000 rw-p 0000b000 fd:00 6559438                    /usr/lib64/libnss_files-2.18.so
7fb859231000-7fb859233000 r-xp 00000000 fd:00 3802163                    /usr/java/jdk1.8.0_20/jre/lib/amd64/libnpt.so
7fb859233000-7fb859433000 ---p 00002000 fd:00 3802163                    /usr/java/jdk1.8.0_20/jre/lib/amd64/libnpt.so
7fb859433000-7fb859434000 rw-p 00002000 fd:00 3802163                    /usr/java/jdk1.8.0_20/jre/lib/amd64/libnpt.so
7fb859434000-7fb85946d000 r-xp 00000000 fd:00 3802147                    /usr/java/jdk1.8.0_20/jre/lib/amd64/libjdwp.so
7fb85946d000-7fb85966c000 ---p 00039000 fd:00 3802147                    /usr/java/jdk1.8.0_20/jre/lib/amd64/libjdwp.so
7fb85966c000-7fb85966e000 rw-p 00038000 fd:00 3802147                    /usr/java/jdk1.8.0_20/jre/lib/amd64/libjdwp.so
7fb85966e000-7fb859698000 r-xp 00000000 fd:00 3802139                    /usr/java/jdk1.8.0_20/jre/lib/amd64/libjava.so
7fb859698000-7fb859898000 ---p 0002a000 fd:00 3802139                    /usr/java/jdk1.8.0_20/jre/lib/amd64/libjava.so
7fb859898000-7fb85989a000 rw-p 0002a000 fd:00 3802139                    /usr/java/jdk1.8.0_20/jre/lib/amd64/libjava.so
7fb85989a000-7fb8598a7000 r-xp 00000000 fd:00 3802173                    /usr/java/jdk1.8.0_20/jre/lib/amd64/libverify.so
7fb8598a7000-7fb859aa7000 ---p 0000d000 fd:00 3802173                    /usr/java/jdk1.8.0_20/jre/lib/amd64/libverify.so
7fb859aa7000-7fb859aa9000 rw-p 0000d000 fd:00 3802173                    /usr/java/jdk1.8.0_20/jre/lib/amd64/libverify.so
7fb859aa9000-7fb859ab0000 r-xp 00000000 fd:00 6559450                    /usr/lib64/librt-2.18.so
7fb859ab0000-7fb859caf000 ---p 00007000 fd:00 6559450                    /usr/lib64/librt-2.18.so
7fb859caf000-7fb859cb0000 r--p 00006000 fd:00 6559450                    /usr/lib64/librt-2.18.so
7fb859cb0000-7fb859cb1000 rw-p 00007000 fd:00 6559450                    /usr/lib64/librt-2.18.so
7fb859cb1000-7fb859db6000 r-xp 00000000 fd:00 6559426                    /usr/lib64/libm-2.18.so
7fb859db6000-7fb859fb6000 ---p 00105000 fd:00 6559426                    /usr/lib64/libm-2.18.so
7fb859fb6000-7fb859fb7000 r--p 00105000 fd:00 6559426                    /usr/lib64/libm-2.18.so
7fb859fb7000-7fb859fb8000 rw-p 00106000 fd:00 6559426                    /usr/lib64/libm-2.18.so
7fb859fb8000-7fb85ac22000 r-xp 00000000 fd:00 3802178                    /usr/java/jdk1.8.0_20/jre/lib/amd64/server/libjvm.so
7fb85ac22000-7fb85ae21000 ---p 00c6a000 fd:00 3802178                    /usr/java/jdk1.8.0_20/jre/lib/amd64/server/libjvm.so
7fb85ae21000-7fb85aef8000 rw-p 00c69000 fd:00 3802178                    /usr/java/jdk1.8.0_20/jre/lib/amd64/server/libjvm.so
7fb85aef8000-7fb85af3a000 rw-p 00000000 00:00 0 
7fb85af3a000-7fb85b0ee000 r-xp 00000000 fd:00 6559416                    /usr/lib64/libc-2.18.so
7fb85b0ee000-7fb85b2ed000 ---p 001b4000 fd:00 6559416                    /usr/lib64/libc-2.18.so
7fb85b2ed000-7fb85b2f1000 r--p 001b3000 fd:00 6559416                    /usr/lib64/libc-2.18.so
7fb85b2f1000-7fb85b2f3000 rw-p 001b7000 fd:00 6559416                    /usr/lib64/libc-2.18.so
7fb85b2f3000-7fb85b2f8000 rw-p 00000000 00:00 0 
7fb85b2f8000-7fb85b2fb000 r-xp 00000000 fd:00 6559423                    /usr/lib64/libdl-2.18.so
7fb85b2fb000-7fb85b4fa000 ---p 00003000 fd:00 6559423                    /usr/lib64/libdl-2.18.so
7fb85b4fa000-7fb85b4fb000 r--p 00002000 fd:00 6559423                    /usr/lib64/libdl-2.18.so
7fb85b4fb000-7fb85b4fc000 rw-p 00003000 fd:00 6559423                    /usr/lib64/libdl-2.18.so
7fb85b4fc000-7fb85b511000 r-xp 00000000 fd:00 3802441                    /usr/java/jdk1.8.0_20/lib/amd64/jli/libjli.so
7fb85b511000-7fb85b710000 ---p 00015000 fd:00 3802441                    /usr/java/jdk1.8.0_20/lib/amd64/jli/libjli.so
7fb85b710000-7fb85b711000 rw-p 00014000 fd:00 3802441                    /usr/java/jdk1.8.0_20/lib/amd64/jli/libjli.so
7fb85b711000-7fb85b729000 r-xp 00000000 fd:00 6559446                    /usr/lib64/libpthread-2.18.so
7fb85b729000-7fb85b928000 ---p 00018000 fd:00 6559446                    /usr/lib64/libpthread-2.18.so
7fb85b928000-7fb85b929000 r--p 00017000 fd:00 6559446                    /usr/lib64/libpthread-2.18.so
7fb85b929000-7fb85b92a000 rw-p 00018000 fd:00 6559446                    /usr/lib64/libpthread-2.18.so
7fb85b92a000-7fb85b92e000 rw-p 00000000 00:00 0 
7fb85b92e000-7fb85b94e000 r-xp 00000000 fd:00 6558834                    /usr/lib64/ld-2.18.so
7fb85b959000-7fb85ba29000 rw-p 00000000 00:00 0 
7fb85ba29000-7fb85ba2c000 ---p 00000000 00:00 0 
7fb85ba2c000-7fb85bb2e000 rw-p 00000000 00:00 0                          [stack:4594]
7fb85bb3f000-7fb85bb42000 rw-p 00000000 00:00 0 
7fb85bb42000-7fb85bb4a000 rw-s 00000000 00:22 41924                      /tmp/hsperfdata_lemmo031/4588
7fb85bb4a000-7fb85bb4b000 rw-p 00000000 00:00 0 
7fb85bb4b000-7fb85bb4c000 r--p 00000000 00:00 0 
7fb85bb4c000-7fb85bb4d000 rw-p 00000000 00:00 0 
7fb85bb4d000-7fb85bb4e000 r--p 0001f000 fd:00 6558834                    /usr/lib64/ld-2.18.so
7fb85bb4e000-7fb85bb4f000 rw-p 00020000 fd:00 6558834                    /usr/lib64/ld-2.18.so
7fb85bb4f000-7fb85bb50000 rw-p 00000000 00:00 0 
7fffe551b000-7fffe553c000 rw-p 00000000 00:00 0                          [stack]
7fffe55fc000-7fffe55fe000 r-xp 00000000 00:00 0                          [vdso]
7fffe55fe000-7fffe5600000 r--p 00000000 00:00 0                          [vvar]
ffffffffff600000-ffffffffff601000 r-xp 00000000 00:00 0                  [vsyscall]

VM Arguments:
jvm_args: -agentlib:jdwp=transport=dt_socket,suspend=y,address=localhost:59928 -Dfile.encoding=UTF-8 
java_command: TestIntStack
java_class_path (initial): /home/lemmo031/JavaWorkspace/Lab6
Launcher Type: SUN_STANDARD

Environment Variables:
PATH=/usr/lib64/qt-3.3/bin:/usr/libexec/lightdm:/usr/local/bin:/usr/bin:/bin:/usr/local/sbin:/usr/sbin:/home/lemmo031/bin
SHELL=/bin/bash
DISPLAY=:0

Signal Handlers:
SIGSEGV: [libjvm.so+0xa77530], sa_mask[0]=11111111011111111101111111111110, sa_flags=SA_RESTART|SA_SIGINFO
SIGBUS: [libjvm.so+0xa77530], sa_mask[0]=11111111011111111101111111111110, sa_flags=SA_RESTART|SA_SIGINFO
SIGFPE: [libjvm.so+0x8e1d90], sa_mask[0]=11111111011111111101111111111110, sa_flags=SA_RESTART|SA_SIGINFO
SIGPIPE: [libjvm.so+0x8e1d90], sa_mask[0]=11111111011111111101111111111110, sa_flags=SA_RESTART|SA_SIGINFO
SIGXFSZ: [libjvm.so+0x8e1d90], sa_mask[0]=11111111011111111101111111111110, sa_flags=SA_RESTART|SA_SIGINFO
SIGILL: [libjvm.so+0x8e1d90], sa_mask[0]=11111111011111111101111111111110, sa_flags=SA_RESTART|SA_SIGINFO
SIGUSR1: SIG_DFL, sa_mask[0]=00000000000000000000000000000000, sa_flags=none
SIGUSR2: [libjvm.so+0x8e35c0], sa_mask[0]=00100000000000000000000000000000, sa_flags=SA_RESTART|SA_SIGINFO
SIGHUP: [libjvm.so+0x8e4980], sa_mask[0]=11111111011111111101111111111110, sa_flags=SA_RESTART|SA_SIGINFO
SIGINT: [libjvm.so+0x8e4980], sa_mask[0]=11111111011111111101111111111110, sa_flags=SA_RESTART|SA_SIGINFO
SIGTERM: [libjvm.so+0x8e4980], sa_mask[0]=11111111011111111101111111111110, sa_flags=SA_RESTART|SA_SIGINFO
SIGQUIT: [libjvm.so+0x8e4980], sa_mask[0]=11111111011111111101111111111110, sa_flags=SA_RESTART|SA_SIGINFO


---------------  S Y S T E M  ---------------

OS:Fedora release 20 (Heisenbug)

uname:Linux 3.16.3-200.fc20.x86_64 #1 SMP Wed Sep 17 22:34:21 UTC 2014 x86_64
libc:glibc 2.18 NPTL 2.18 
rlimit: STACK 8192k, CORE 0k, NPROC 1024, NOFILE 4096, AS infinity
load average:0.00 0.01 0.05

/proc/meminfo:
MemTotal:       16110532 kB
MemFree:        11838716 kB
MemAvailable:   13726060 kB
Buffers:           70308 kB
Cached:          2486024 kB
SwapCached:            0 kB
Active:          2278836 kB
Inactive:        1678272 kB
Active(anon):    1402016 kB
Inactive(anon):   531384 kB
Active(file):     876820 kB
Inactive(file):  1146888 kB
Unevictable:          48 kB
Mlocked:              48 kB
SwapTotal:       8069116 kB
SwapFree:        8069116 kB
Dirty:                 0 kB
Writeback:             0 kB
AnonPages:       1401252 kB
Mapped:           390256 kB
Shmem:            532628 kB
Slab:             116772 kB
SReclaimable:      65144 kB
SUnreclaim:        51628 kB
KernelStack:        8864 kB
PageTables:        31888 kB
NFS_Unstable:          0 kB
Bounce:                0 kB
WritebackTmp:          0 kB
CommitLimit:    16124380 kB
Committed_AS:    5491140 kB
VmallocTotal:   34359738367 kB
VmallocUsed:      466412 kB
VmallocChunk:   34359252300 kB
HardwareCorrupted:     0 kB
AnonHugePages:         0 kB
HugePages_Total:       0
HugePages_Free:        0
HugePages_Rsvd:        0
HugePages_Surp:        0
Hugepagesize:       2048 kB
DirectMap4k:       98216 kB
DirectMap2M:     3768320 kB
DirectMap1G:    12582912 kB


CPU:total 8 (4 cores per cpu, 2 threads per core) family 6 model 60 stepping 3, cmov, cx8, fxsr, mmx, sse, sse2, sse3, ssse3, sse4.1, sse4.2, popcnt, avx, avx2, aes, clmul, erms, rtm, lzcnt, ht, tsc, tscinvbit, bmi1, bmi2

/proc/cpuinfo:
processor	: 0
vendor_id	: GenuineIntel
cpu family	: 6
model		: 60
model name	: Intel(R) Core(TM) i7-4790 CPU @ 3.60GHz
stepping	: 3
microcode	: 0x1a
cpu MHz		: 3850.031
cache size	: 8192 KB
physical id	: 0
siblings	: 8
core id		: 0
cpu cores	: 4
apicid		: 0
initial apicid	: 0
fpu		: yes
fpu_exception	: yes
cpuid level	: 13
wp		: yes
flags		: fpu vme de pse tsc msr pae mce cx8 apic sep mtrr pge mca cmov pat pse36 clflush dts acpi mmx fxsr sse sse2 ss ht tm pbe syscall nx pdpe1gb rdtscp lm constant_tsc arch_perfmon pebs bts rep_good nopl xtopology nonstop_tsc aperfmperf eagerfpu pni pclmulqdq dtes64 monitor ds_cpl vmx smx est tm2 ssse3 fma cx16 xtpr pdcm pcid sse4_1 sse4_2 x2apic movbe popcnt tsc_deadline_timer aes xsave avx f16c rdrand lahf_lm abm ida arat epb xsaveopt pln pts dtherm tpr_shadow vnmi flexpriority ept vpid fsgsbase tsc_adjust bmi1 hle avx2 smep bmi2 erms invpcid rtm
bogomips	: 7200.52
clflush size	: 64
cache_alignment	: 64
address sizes	: 39 bits physical, 48 bits virtual
power management:

processor	: 1
vendor_id	: GenuineIntel
cpu family	: 6
model		: 60
model name	: Intel(R) Core(TM) i7-4790 CPU @ 3.60GHz
stepping	: 3
microcode	: 0x1a
cpu MHz		: 3805.312
cache size	: 8192 KB
physical id	: 0
siblings	: 8
core id		: 1
cpu cores	: 4
apicid		: 2
initial apicid	: 2
fpu		: yes
fpu_exception	: yes
cpuid level	: 13
wp		: yes
flags		: fpu vme de pse tsc msr pae mce cx8 apic sep mtrr pge mca cmov pat pse36 clflush dts acpi mmx fxsr sse sse2 ss ht tm pbe syscall nx pdpe1gb rdtscp lm constant_tsc arch_perfmon pebs bts rep_good nopl xtopology nonstop_tsc aperfmperf eagerfpu pni pclmulqdq dtes64 monitor ds_cpl vmx smx est tm2 ssse3 fma cx16 xtpr pdcm pcid sse4_1 sse4_2 x2apic movbe popcnt tsc_deadline_timer aes xsave avx f16c rdrand lahf_lm abm ida arat epb xsaveopt pln pts dtherm tpr_shadow vnmi flexpriority ept vpid fsgsbase tsc_adjust bmi1 hle avx2 smep bmi2 erms invpcid rtm
bogomips	: 7200.52
clflush size	: 64
cache_alignment	: 64
address sizes	: 39 bits physical, 48 bits virtual
power management:

processor	: 2
vendor_id	: GenuineIntel
cpu family	: 6
model		: 60
model name	: Intel(R) Core(TM) i7-4790 CPU @ 3.60GHz
stepping	: 3
microcode	: 0x1a
cpu MHz		: 3826.968
cache size	: 8192 KB
physical id	: 0
siblings	: 8
core id		: 2
cpu cores	: 4
apicid		: 4
initial apicid	: 4
fpu		: yes
fpu_exception	: yes
cpuid level	: 13
wp		: yes
flags		: fpu vme de pse tsc msr pae mce cx8 apic sep mtrr pge mca cmov pat pse36 clflush dts acpi mmx fxsr sse sse2 ss ht tm pbe syscall nx pdpe1gb rdtscp lm constant_tsc arch_perfmon pebs bts rep_good nopl xtopology nonstop_tsc aperfmperf eagerfpu pni pclmulqdq dtes64 monitor ds_cpl vmx smx est tm2 ssse3 fma cx16 xtpr pdcm pcid sse4_1 sse4_2 x2apic movbe popcnt tsc_deadline_timer aes xsave avx f16c rdrand lahf_lm abm ida arat epb xsaveopt pln pts dtherm tpr_shadow vnmi flexpriority ept vpid fsgsbase tsc_adjust bmi1 hle avx2 smep bmi2 erms invpcid rtm
bogomips	: 7200.52
clflush size	: 64
cache_alignment	: 64
address sizes	: 39 bits physical, 48 bits virtual
power management:

processor	: 3
vendor_id	: GenuineIntel
cpu family	: 6
model		: 60
model name	: Intel(R) Core(TM) i7-4790 CPU @ 3.60GHz
stepping	: 3
microcode	: 0x1a
cpu MHz		: 3878.859
cache size	: 8192 KB
physical id	: 0
siblings	: 8
core id		: 3
cpu cores	: 4
apicid		: 6
initial apicid	: 6
fpu		: yes
fpu_exception	: yes
cpuid level	: 13
wp		: yes
flags		: fpu vme de pse tsc msr pae mce cx8 apic sep mtrr pge mca cmov pat pse36 clflush dts acpi mmx fxsr sse sse2 ss ht tm pbe syscall nx pdpe1gb rdtscp lm constant_tsc arch_perfmon pebs bts rep_good nopl xtopology nonstop_tsc aperfmperf eagerfpu pni pclmulqdq dtes64 monitor ds_cpl vmx smx est tm2 ssse3 fma cx16 xtpr pdcm pcid sse4_1 sse4_2 x2apic movbe popcnt tsc_deadline_timer aes xsave avx f16c rdrand lahf_lm abm ida arat epb xsaveopt pln pts dtherm tpr_shadow vnmi flexpriority ept vpid fsgsbase tsc_adjust bmi1 hle avx2 smep bmi2 erms invpcid rtm
bogomips	: 7200.52
clflush size	: 64
cache_alignment	: 64
address sizes	: 39 bits physical, 48 bits virtual
power management:

processor	: 4
vendor_id	: GenuineIntel
cpu family	: 6
model		: 60
model name	: Intel(R) Core(TM) i7-4790 CPU @ 3.60GHz
stepping	: 3
microcode	: 0x1a
cpu MHz		: 3831.750
cache size	: 8192 KB
physical id	: 0
siblings	: 8
core id		: 0
cpu cores	: 4
apicid		: 1
initial apicid	: 1
fpu		: yes
fpu_exception	: yes
cpuid level	: 13
wp		: yes
flags		: fpu vme de pse tsc msr pae mce cx8 apic sep mtrr pge mca cmov pat pse36 clflush dts acpi mmx fxsr sse sse2 ss ht tm pbe syscall nx pdpe1gb rdtscp lm constant_tsc arch_perfmon pebs bts rep_good nopl xtopology nonstop_tsc aperfmperf eagerfpu pni pclmulqdq dtes64 monitor ds_cpl vmx smx est tm2 ssse3 fma cx16 xtpr pdcm pcid sse4_1 sse4_2 x2apic movbe popcnt tsc_deadline_timer aes xsave avx f16c rdrand lahf_lm abm ida arat epb xsaveopt pln pts dtherm tpr_shadow vnmi flexpriority ept vpid fsgsbase tsc_adjust bmi1 hle avx2 smep bmi2 erms invpcid rtm
bogomips	: 7200.52
clflush size	: 64
cache_alignment	: 64
address sizes	: 39 bits physical, 48 bits virtual
power management:

processor	: 5
vendor_id	: GenuineIntel
cpu family	: 6
model		: 60
model name	: Intel(R) Core(TM) i7-4790 CPU @ 3.60GHz
stepping	: 3
microcode	: 0x1a
cpu MHz		: 3800.109
cache size	: 8192 KB
physical id	: 0
siblings	: 8
core id		: 1
cpu cores	: 4
apicid		: 3
initial apicid	: 3
fpu		: yes
fpu_exception	: yes
cpuid level	: 13
wp		: yes
flags		: fpu vme de pse tsc msr pae mce cx8 apic sep mtrr pge mca cmov pat pse36 clflush dts acpi mmx fxsr sse sse2 ss ht tm pbe syscall nx pdpe1gb rdtscp lm constant_tsc arch_perfmon pebs bts rep_good nopl xtopology nonstop_tsc aperfmperf eagerfpu pni pclmulqdq dtes64 monitor ds_cpl vmx smx est tm2 ssse3 fma cx16 xtpr pdcm pcid sse4_1 sse4_2 x2apic movbe popcnt tsc_deadline_timer aes xsave avx f16c rdrand lahf_lm abm ida arat epb xsaveopt pln pts dtherm tpr_shadow vnmi flexpriority ept vpid fsgsbase tsc_adjust bmi1 hle avx2 smep bmi2 erms invpcid rtm
bogomips	: 7200.52
clflush size	: 64
cache_alignment	: 64
address sizes	: 39 bits physical, 48 bits virtual
power management:

processor	: 6
vendor_id	: GenuineIntel
cpu family	: 6
model		: 60
model name	: Intel(R) Core(TM) i7-4790 CPU @ 3.60GHz
stepping	: 3
microcode	: 0x1a
cpu MHz		: 3831.328
cache size	: 8192 KB
physical id	: 0
siblings	: 8
core id		: 2
cpu cores	: 4
apicid		: 5
initial apicid	: 5
fpu		: yes
fpu_exception	: yes
cpuid level	: 13
wp		: yes
flags		: fpu vme de pse tsc msr pae mce cx8 apic sep mtrr pge mca cmov pat pse36 clflush dts acpi mmx fxsr sse sse2 ss ht tm pbe syscall nx pdpe1gb rdtscp lm constant_tsc arch_perfmon pebs bts rep_good nopl xtopology nonstop_tsc aperfmperf eagerfpu pni pclmulqdq dtes64 monitor ds_cpl vmx smx est tm2 ssse3 fma cx16 xtpr pdcm pcid sse4_1 sse4_2 x2apic movbe popcnt tsc_deadline_timer aes xsave avx f16c rdrand lahf_lm abm ida arat epb xsaveopt pln pts dtherm tpr_shadow vnmi flexpriority ept vpid fsgsbase tsc_adjust bmi1 hle avx2 smep bmi2 erms invpcid rtm
bogomips	: 7200.52
clflush size	: 64
cache_alignment	: 64
address sizes	: 39 bits physical, 48 bits virtual
power management:

processor	: 7
vendor_id	: GenuineIntel
cpu family	: 6
model		: 60
model name	: Intel(R) Core(TM) i7-4790 CPU @ 3.60GHz
stepping	: 3
microcode	: 0x1a
cpu MHz		: 3830.625
cache size	: 8192 KB
physical id	: 0
siblings	: 8
core id		: 3
cpu cores	: 4
apicid		: 7
initial apicid	: 7
fpu		: yes
fpu_exception	: yes
cpuid level	: 13
wp		: yes
flags		: fpu vme de pse tsc msr pae mce cx8 apic sep mtrr pge mca cmov pat pse36 clflush dts acpi mmx fxsr sse sse2 ss ht tm pbe syscall nx pdpe1gb rdtscp lm constant_tsc arch_perfmon pebs bts rep_good nopl xtopology nonstop_tsc aperfmperf eagerfpu pni pclmulqdq dtes64 monitor ds_cpl vmx smx est tm2 ssse3 fma cx16 xtpr pdcm pcid sse4_1 sse4_2 x2apic movbe popcnt tsc_deadline_timer aes xsave avx f16c rdrand lahf_lm abm ida arat epb xsaveopt pln pts dtherm tpr_shadow vnmi flexpriority ept vpid fsgsbase tsc_adjust bmi1 hle avx2 smep bmi2 erms invpcid rtm
bogomips	: 7200.52
clflush size	: 64
cache_alignment	: 64
address sizes	: 39 bits physical, 48 bits virtual
power management:



Memory: 4k page, physical 16110532k(11838716k free), swap 8069116k(8069116k free)

vm_info: Java HotSpot(TM) 64-Bit Server VM (25.20-b23) for linux-amd64 JRE (1.8.0_20-b26), built on Jul 30 2014 13:13:52 by "java_re" with gcc 4.3.0 20080428 (Red Hat 4.3.0-8)

time: Tue Oct  7 13:11:08 2014
elapsed time: 309 seconds (0d 0h 5m 9s)

